build/app/intermediates/manifest_merge_blame_file/release/manifest-merger-blame-release-report.txt
1<?xml version="1.0" encoding="utf-8"?>
2<manifest xmlns:android="http://schemas.android.com/apk/res/android"
3    package="com.pe.transmap_app"
4    android:versionCode="21"
5    android:versionName="1.0.21" >
6
7    <uses-sdk
8        android:minSdkVersion="22"
8-->src\main\AndroidManifest.xml
9        android:targetSdkVersion="33" />
9-->src\main\AndroidManifest.xml
10    <!--
11         io.flutter.app.FlutterApplication is an android.app.Application that
12         calls FlutterMain.startInitialization(this); in its onCreate method.
13         In most cases you can leave this as-is, but you if you want to provide
14         additional functionality it is fine to subclass or reimplement
15         FlutterApplication and put your custom class here.
16    -->
17    <uses-permission android:name="android.permission.INTERNET" />
17-->src\main\AndroidManifest.xml:8:5-66
17-->src\main\AndroidManifest.xml:8:22-64
18    <uses-permission android:name="android.permission.WRITE_EXTERNAL_STORAGE" />
18-->src\main\AndroidManifest.xml:9:5-81
18-->src\main\AndroidManifest.xml:9:22-78
19    <uses-permission android:name="android.permission.READ_EXTERNAL_STORAGE" />
19-->[:open_filex] AndroidManifest.xml:10:5-80
19-->[:open_filex] AndroidManifest.xml:10:22-77
20
21    <application
22        android:name="android.app.Application"
22-->src\main\AndroidManifest.xml:11:9-42
23        android:appComponentFactory="androidx.core.app.CoreComponentFactory"
23-->[androidx.core:core:1.6.0] AndroidManifest.xml:24:18-86
24        android:icon="@mipmap/ic_launcher"
24-->src\main\AndroidManifest.xml:14:9-43
25        android:label="TransMAP - Guias"
25-->src\main\AndroidManifest.xml:12:9-41
26        android:networkSecurityConfig="@xml/network_security_config" >
26-->src\main\AndroidManifest.xml:13:9-69
27        <activity
27-->src\main\AndroidManifest.xml:15:9-27:20
28            android:name="com.pe.transmap_app.MainActivity"
28-->src\main\AndroidManifest.xml:16:13-41
29            android:configChanges="orientation|keyboardHidden|keyboard|screenSize|smallestScreenSize|locale|layoutDirection|fontScale|screenLayout|density|uiMode"
29-->src\main\AndroidManifest.xml:19:13-163
30            android:exported="true"
30-->src\main\AndroidManifest.xml:22:13-36
31            android:hardwareAccelerated="true"
31-->src\main\AndroidManifest.xml:20:13-47
32            android:launchMode="singleTop"
32-->src\main\AndroidManifest.xml:17:13-43
33            android:theme="@style/LaunchTheme"
33-->src\main\AndroidManifest.xml:18:13-47
34            android:windowSoftInputMode="adjustResize" > <!-- NUEVO XD -->
34-->src\main\AndroidManifest.xml:21:13-55
35            <intent-filter>
35-->src\main\AndroidManifest.xml:23:13-26:29
36                <action android:name="android.intent.action.MAIN" />
36-->src\main\AndroidManifest.xml:24:17-68
36-->src\main\AndroidManifest.xml:24:25-66
37
38                <category android:name="android.intent.category.LAUNCHER" />
38-->src\main\AndroidManifest.xml:25:17-76
38-->src\main\AndroidManifest.xml:25:27-74
39            </intent-filter>
40        </activity>
41        <!--
42             Don't delete the meta-data below.
43             This is used by the Flutter tool to generate GeneratedPluginRegistrant.java
44        -->
45        <meta-data
45-->src\main\AndroidManifest.xml:30:9-32:33
46            android:name="flutterEmbedding"
46-->src\main\AndroidManifest.xml:31:13-44
47            android:value="2" />
47-->src\main\AndroidManifest.xml:32:13-30
48
49        <provider
49-->[:open_filex] AndroidManifest.xml:13:9-22:20
50            android:name="com.crazecoder.openfile.FileProvider"
50-->[:open_filex] AndroidManifest.xml:14:13-64
51            android:authorities="com.pe.transmap_app.fileProvider.com.crazecoder.openfile"
51-->[:open_filex] AndroidManifest.xml:15:13-88
52            android:exported="false"
52-->[:open_filex] AndroidManifest.xml:16:13-37
53            android:grantUriPermissions="true" >
53-->[:open_filex] AndroidManifest.xml:17:13-47
54            <meta-data
54-->[:open_filex] AndroidManifest.xml:19:13-21:53
55                android:name="android.support.FILE_PROVIDER_PATHS"
55-->[:open_filex] AndroidManifest.xml:20:17-67
56                android:resource="@xml/filepaths" />
56-->[:open_filex] AndroidManifest.xml:21:17-50
57        </provider>
58
59        <uses-library
59-->[androidx.window:window:1.0.0-beta04] AndroidManifest.xml:25:9-27:40
60            android:name="androidx.window.extensions"
60-->[androidx.window:window:1.0.0-beta04] AndroidManifest.xml:26:13-54
61            android:required="false" />
61-->[androidx.window:window:1.0.0-beta04] AndroidManifest.xml:27:13-37
62        <uses-library
62-->[androidx.window:window:1.0.0-beta04] AndroidManifest.xml:28:9-30:40
63            android:name="androidx.window.sidecar"
63-->[androidx.window:window:1.0.0-beta04] AndroidManifest.xml:29:13-51
64            android:required="false" />
64-->[androidx.window:window:1.0.0-beta04] AndroidManifest.xml:30:13-37
65    </application>
66
67</manifest>